2023-06-20 16:37:12,049 DEBUG [main] BasicClientConnectionManager:160 - Get connection for route {s}->https://sportapi-qa.sportiqo.com:443
2023-06-20 16:37:12,277 DEBUG [main] DefaultClientConnectionOperator:174 - Connecting to sportapi-qa.sportiqo.com:443
2023-06-20 16:37:12,841 DEBUG [main] RequestAddCookies:122 - CookieSpec selected: ignoreCookies
2023-06-20 16:37:12,842 DEBUG [main] RequestAuthCache:76 - Auth cache not set in the context
2023-06-20 16:37:12,842 DEBUG [main] RequestProxyAuthentication:87 - Proxy auth state: UNCHALLENGED
2023-06-20 16:37:12,843 DEBUG [main] DefaultHttpClient:683 - Attempt 1 to execute request
2023-06-20 16:37:12,843 DEBUG [main] DefaultClientConnection:268 - Sending request: DELETE /v1/tournaments HTTP/1.1
2023-06-20 16:37:12,843 DEBUG [main] wire:72 -  >> "DELETE /v1/tournaments HTTP/1.1[\r][\n]"
2023-06-20 16:37:12,845 DEBUG [main] wire:72 -  >> "Authorization: Bearer eyJhbGciOiJSUzI1NiIsImtpZCI6IjY3YmFiYWFiYTEwNWFkZDZiM2ZiYjlmZjNmZjVmZTNkY2E0Y2VkYTEiLCJ0eXAiOiJKV1QifQ.eyJpc3MiOiJodHRwczovL3NlY3VyZXRva2VuLmdvb2dsZS5jb20vc3BvcnRpcW9kZXYiLCJhdWQiOiJzcG9ydGlxb2RldiIsImF1dGhfdGltZSI6MTY4NTU5OTcyMiwidXNlcl9pZCI6ImlWUDVSN092WmVVMmVxbDdFNlVWbkNUN28yaDEiLCJzdWIiOiJpVlA1UjdPdlplVTJlcWw3RTZVVm5DVDdvMmgxIiwiaWF0IjoxNjg3MjU3NTIwLCJleHAiOjE2ODcyNjExMjAsImVtYWlsIjoicnVzaGlrZXNoYkBudTEwLmNvIiwiZW1haWxfdmVyaWZpZWQiOmZhbHNlLCJmaXJlYmFzZSI6eyJpZGVudGl0aWVzIjp7ImVtYWlsIjpbInJ1c2hpa2VzaGJAbnUxMC5jbyJdfSwic2lnbl9pbl9wcm92aWRlciI6InBhc3N3b3JkIn19.Atuq-vOwAUCn1_d1s-03ld8TRkiMIzNwMfNAREOAgGbkBNZ8r_stjhadHw8_XAVoBcD-KqKzGZY1qdbauBES4Mhco1IaCEEWYrhHAIkz2ImF0fCquKAMr5Ag9WEqB_n0Mz72X_Pk7B86i2KCpFjWa92LqXSlCZjzoEL9BCrI9lLogBO52znh14InroFiYfjgmF-K2zHamCiZqR_wkgDdAuBZEVBQqlKeCeTX2D8HuFF1xTrNiXfkt0HFEmsESawoyy6vFZCQbqH84dJTJB9sqxu1g6HLdtIJwB80YajqAppPsJBfhxr7yEFkAK0ppNi0KzGLJUB56K2iIITqDglhqg[\r][\n]"
2023-06-20 16:37:12,845 DEBUG [main] wire:72 -  >> "accept: application/json[\r][\n]"
2023-06-20 16:37:12,845 DEBUG [main] wire:72 -  >> "Content-Type: application/json[\r][\n]"
2023-06-20 16:37:12,845 DEBUG [main] wire:72 -  >> "Content-Length: 365[\r][\n]"
2023-06-20 16:37:12,845 DEBUG [main] wire:72 -  >> "Host: sportapi-qa.sportiqo.com[\r][\n]"
2023-06-20 16:37:12,845 DEBUG [main] wire:72 -  >> "Connection: Keep-Alive[\r][\n]"
2023-06-20 16:37:12,845 DEBUG [main] wire:72 -  >> "User-Agent: Apache-HttpClient/4.5.1 (Java/17.0.1)[\r][\n]"
2023-06-20 16:37:12,846 DEBUG [main] wire:72 -  >> "Accept-Encoding: gzip,deflate[\r][\n]"
2023-06-20 16:37:12,846 DEBUG [main] wire:72 -  >> "[\r][\n]"
2023-06-20 16:37:12,846 DEBUG [main] headers:272 - >> DELETE /v1/tournaments HTTP/1.1
2023-06-20 16:37:12,846 DEBUG [main] headers:275 - >> Authorization: Bearer eyJhbGciOiJSUzI1NiIsImtpZCI6IjY3YmFiYWFiYTEwNWFkZDZiM2ZiYjlmZjNmZjVmZTNkY2E0Y2VkYTEiLCJ0eXAiOiJKV1QifQ.eyJpc3MiOiJodHRwczovL3NlY3VyZXRva2VuLmdvb2dsZS5jb20vc3BvcnRpcW9kZXYiLCJhdWQiOiJzcG9ydGlxb2RldiIsImF1dGhfdGltZSI6MTY4NTU5OTcyMiwidXNlcl9pZCI6ImlWUDVSN092WmVVMmVxbDdFNlVWbkNUN28yaDEiLCJzdWIiOiJpVlA1UjdPdlplVTJlcWw3RTZVVm5DVDdvMmgxIiwiaWF0IjoxNjg3MjU3NTIwLCJleHAiOjE2ODcyNjExMjAsImVtYWlsIjoicnVzaGlrZXNoYkBudTEwLmNvIiwiZW1haWxfdmVyaWZpZWQiOmZhbHNlLCJmaXJlYmFzZSI6eyJpZGVudGl0aWVzIjp7ImVtYWlsIjpbInJ1c2hpa2VzaGJAbnUxMC5jbyJdfSwic2lnbl9pbl9wcm92aWRlciI6InBhc3N3b3JkIn19.Atuq-vOwAUCn1_d1s-03ld8TRkiMIzNwMfNAREOAgGbkBNZ8r_stjhadHw8_XAVoBcD-KqKzGZY1qdbauBES4Mhco1IaCEEWYrhHAIkz2ImF0fCquKAMr5Ag9WEqB_n0Mz72X_Pk7B86i2KCpFjWa92LqXSlCZjzoEL9BCrI9lLogBO52znh14InroFiYfjgmF-K2zHamCiZqR_wkgDdAuBZEVBQqlKeCeTX2D8HuFF1xTrNiXfkt0HFEmsESawoyy6vFZCQbqH84dJTJB9sqxu1g6HLdtIJwB80YajqAppPsJBfhxr7yEFkAK0ppNi0KzGLJUB56K2iIITqDglhqg
2023-06-20 16:37:12,847 DEBUG [main] headers:275 - >> accept: application/json
2023-06-20 16:37:12,847 DEBUG [main] headers:275 - >> Content-Type: application/json
2023-06-20 16:37:12,847 DEBUG [main] headers:275 - >> Content-Length: 365
2023-06-20 16:37:12,847 DEBUG [main] headers:275 - >> Host: sportapi-qa.sportiqo.com
2023-06-20 16:37:12,848 DEBUG [main] headers:275 - >> Connection: Keep-Alive
2023-06-20 16:37:12,848 DEBUG [main] headers:275 - >> User-Agent: Apache-HttpClient/4.5.1 (Java/17.0.1)
2023-06-20 16:37:12,848 DEBUG [main] headers:275 - >> Accept-Encoding: gzip,deflate
2023-06-20 16:37:12,848 DEBUG [main] wire:72 -  >> "{[\r][\n]"
2023-06-20 16:37:12,848 DEBUG [main] wire:72 -  >> "  "alias": "Dum",[\r][\n]"
2023-06-20 16:37:12,848 DEBUG [main] wire:72 -  >> "  "logoUrl": "file://44KBnB5z3gN#%iTkU:R_b+-!612rwSsPqoPF94GmC2PexHiiKtj7LjNo&1G+c%mJAdoV&u@va-ztFKc~%-+5@0+#8upgsKMBNT",[\r][\n]"
2023-06-20 16:37:12,849 DEBUG [main] wire:72 -  >> "  "rewardRule": "https://qm=L#nW/X.nG@kQHk#|b~y0A0ae_MLx",[\r][\n]"
2023-06-20 16:37:12,849 DEBUG [main] wire:72 -  >> "  "name": "Dummy",[\r][\n]"
2023-06-20 16:37:12,850 DEBUG [main] wire:72 -  >> "  "sportCode": "Cric",[\r][\n]"
2023-06-20 16:37:12,850 DEBUG [main] wire:72 -  >> "  "rewardDate": "2023-02-02",[\r][\n]"
2023-06-20 16:37:12,850 DEBUG [main] wire:72 -  >> "  "tournamentKey": "DLF",[\r][\n]"
2023-06-20 16:37:12,850 DEBUG [main] wire:72 -  >> "  "endDate": "2023-06-19",[\r][\n]"
2023-06-20 16:37:12,851 DEBUG [main] wire:72 -  >> "  "startDate": "2023-06-19"[\r][\n]"
2023-06-20 16:37:12,851 DEBUG [main] wire:86 -  >> "}"
2023-06-20 16:37:13,217 DEBUG [main] wire:72 -  << "HTTP/1.1 405 [\r][\n]"
2023-06-20 16:37:13,222 DEBUG [main] wire:72 -  << "Date: Tue, 20 Jun 2023 11:07:13 GMT[\r][\n]"
2023-06-20 16:37:13,223 DEBUG [main] wire:72 -  << "Content-Type: application/json[\r][\n]"
2023-06-20 16:37:13,224 DEBUG [main] wire:72 -  << "Transfer-Encoding: chunked[\r][\n]"
2023-06-20 16:37:13,224 DEBUG [main] wire:72 -  << "Connection: keep-alive[\r][\n]"
2023-06-20 16:37:13,225 DEBUG [main] wire:72 -  << "Vary: Origin[\r][\n]"
2023-06-20 16:37:13,226 DEBUG [main] wire:72 -  << "Vary: Access-Control-Request-Method[\r][\n]"
2023-06-20 16:37:13,226 DEBUG [main] wire:72 -  << "Vary: Access-Control-Request-Headers[\r][\n]"
2023-06-20 16:37:13,227 DEBUG [main] wire:72 -  << "Allow: POST, GET[\r][\n]"
2023-06-20 16:37:13,227 DEBUG [main] wire:72 -  << "X-Content-Type-Options: nosniff[\r][\n]"
2023-06-20 16:37:13,228 DEBUG [main] wire:72 -  << "X-XSS-Protection: 1; mode=block[\r][\n]"
2023-06-20 16:37:13,228 DEBUG [main] wire:72 -  << "Cache-Control: no-cache, no-store, max-age=0, must-revalidate[\r][\n]"
2023-06-20 16:37:13,229 DEBUG [main] wire:72 -  << "Pragma: no-cache[\r][\n]"
2023-06-20 16:37:13,229 DEBUG [main] wire:72 -  << "Expires: 0[\r][\n]"
2023-06-20 16:37:13,230 DEBUG [main] wire:72 -  << "Strict-Transport-Security: max-age=31536000 ; includeSubDomains[\r][\n]"
2023-06-20 16:37:13,230 DEBUG [main] wire:72 -  << "X-Frame-Options: DENY[\r][\n]"
2023-06-20 16:37:13,231 DEBUG [main] wire:72 -  << "[\r][\n]"
2023-06-20 16:37:13,234 DEBUG [main] DefaultClientConnection:253 - Receiving response: HTTP/1.1 405 
2023-06-20 16:37:13,234 DEBUG [main] headers:256 - << HTTP/1.1 405 
2023-06-20 16:37:13,234 DEBUG [main] headers:259 - << Date: Tue, 20 Jun 2023 11:07:13 GMT
2023-06-20 16:37:13,235 DEBUG [main] headers:259 - << Content-Type: application/json
2023-06-20 16:37:13,235 DEBUG [main] headers:259 - << Transfer-Encoding: chunked
2023-06-20 16:37:13,235 DEBUG [main] headers:259 - << Connection: keep-alive
2023-06-20 16:37:13,236 DEBUG [main] headers:259 - << Vary: Origin
2023-06-20 16:37:13,236 DEBUG [main] headers:259 - << Vary: Access-Control-Request-Method
2023-06-20 16:37:13,236 DEBUG [main] headers:259 - << Vary: Access-Control-Request-Headers
2023-06-20 16:37:13,237 DEBUG [main] headers:259 - << Allow: POST, GET
2023-06-20 16:37:13,237 DEBUG [main] headers:259 - << X-Content-Type-Options: nosniff
2023-06-20 16:37:13,237 DEBUG [main] headers:259 - << X-XSS-Protection: 1; mode=block
2023-06-20 16:37:13,237 DEBUG [main] headers:259 - << Cache-Control: no-cache, no-store, max-age=0, must-revalidate
2023-06-20 16:37:13,238 DEBUG [main] headers:259 - << Pragma: no-cache
2023-06-20 16:37:13,238 DEBUG [main] headers:259 - << Expires: 0
2023-06-20 16:37:13,239 DEBUG [main] headers:259 - << Strict-Transport-Security: max-age=31536000 ; includeSubDomains
2023-06-20 16:37:13,239 DEBUG [main] headers:259 - << X-Frame-Options: DENY
2023-06-20 16:37:13,249 DEBUG [main] DefaultHttpClient:510 - Connection can be kept alive indefinitely
2023-06-20 16:37:13,270 DEBUG [main] RequestSpecificationImpl$RestAssuredHttpBuilder:545 - Parsing response as: application/json
2023-06-20 16:37:13,270 DEBUG [main] RequestSpecificationImpl$RestAssuredHttpBuilder:548 - Parsed data to instance of: class org.apache.http.conn.EofSensorInputStream
2023-06-20 16:37:13,299 DEBUG [main] wire:72 -  << "6b[\r][\n]"
2023-06-20 16:37:13,299 DEBUG [main] wire:86 -  << "{"timestamp":"2023-06-20T11:07:13.426Z","status":405,"error":"Method Not Allowed","path":"/v1/tournaments"}"
2023-06-20 16:37:13,301 DEBUG [main] wire:72 -  << "[\r][\n]"
2023-06-20 16:37:13,301 DEBUG [main] wire:72 -  << "0[\r][\n]"
2023-06-20 16:37:13,301 DEBUG [main] wire:72 -  << "[\r][\n]"
2023-06-20 16:37:13,301 DEBUG [main] BasicClientConnectionManager:198 - Releasing connection org.apache.http.impl.conn.ManagedClientConnectionImpl@6d099323
2023-06-20 16:37:13,301 DEBUG [main] BasicClientConnectionManager:223 - Connection can be kept alive indefinitely
